# JRE version: OpenJDK Runtime Environment Temurin-21.0.6+7 (21.0.6+7) (build 21.0.6+7-LTS)
# Java VM: OpenJDK 64-Bit Server VM Temurin-21.0.6+7 (21.0.6+7-LTS, mixed mode, emulated-client, sharing, tiered, compressed oops, compressed class ptrs, g1 gc, windows-amd64)
GC Precious Log:
 CardTable entry size: 512
 Card Set container configuration: InlinePtr #cards 5 size 8 Array Of Cards #cards 12 size 40 Howl #buckets 4 coarsen threshold 1843 Howl Bitmap #cards 512 size 80 coarsen threshold 460 Card regions per heap region 1 cards per card region 2048
 CPUs: 4 total, 4 available
 Memory: 3830M
 Large Page Support: Disabled
 NUMA Support: Disabled
 Compressed Oops: Enabled (32-bit)
 Heap Region Size: 1M
 Heap Min Capacity: 8M
 Heap Initial Capacity: 60M
 Heap Max Capacity: 1G
 Pre-touch: Disabled
 Parallel Workers: 4
 Concurrent Workers: 1
 Concurrent Refinement Workers: 4
 Periodic GC: Disabled
Heap:
 garbage-first heap   total 75776K, used 35242K [0x00000000c0000000, 0x0000000100000000)
  region size 1024K, 1 young (1024K), 0 survivors (0K)
 Metaspace       used 55649K, committed 56512K, reserved 1114112K
  class space    used 6839K, committed 7168K, reserved 1048576K
GC Heap History (20 events):
Event: 319.260 GC heap after
{Heap after GC invocations=30 (full 13):
 garbage-first heap   total 75776K, used 35242K [0x00000000c0000000, 0x0000000100000000)
  region size 1024K, 0 young (0K), 0 survivors (0K)
 Metaspace       used 55649K, committed 56512K, reserved 1114112K
  class space    used 6839K, committed 7168K, reserved 1048576K
}
Event: 329.740 GC heap before
{Heap before GC invocations=30 (full 13):
 garbage-first heap   total 75776K, used 35242K [0x00000000c0000000, 0x0000000100000000)
  region size 1024K, 1 young (1024K), 0 survivors (0K)
 Metaspace       used 55649K, committed 56512K, reserved 1114112K
  class space    used 6839K, committed 7168K, reserved 1048576K
}
Event: 330.180 GC heap after
{Heap after GC invocations=31 (full 14):
 garbage-first heap   total 75776K, used 35242K [0x00000000c0000000, 0x0000000100000000)
  region size 1024K, 0 young (0K), 0 survivors (0K)
 Metaspace       used 55649K, committed 56512K, reserved 1114112K
  class space    used 6839K, committed 7168K, reserved 1048576K
}
Event: 344.071 GC heap before
{Heap before GC invocations=31 (full 14):
 garbage-first heap   total 75776K, used 35242K [0x00000000c0000000, 0x0000000100000000)
  region size 1024K, 1 young (1024K), 0 survivors (0K)
 Metaspace       used 55649K, committed 56512K, reserved 1114112K
  class space    used 6839K, committed 7168K, reserved 1048576K
}
Event: 344.596 GC heap after
{Heap after GC invocations=32 (full 15):
 garbage-first heap   total 75776K, used 35242K [0x00000000c0000000, 0x0000000100000000)
  region size 1024K, 0 young (0K), 0 survivors (0K)
 Metaspace       used 55649K, committed 56512K, reserved 1114112K
  class space    used 6839K, committed 7168K, reserved 1048576K
}
Event: 355.203 GC heap before
{Heap before GC invocations=32 (full 15):
 garbage-first heap   total 75776K, used 35242K [0x00000000c0000000, 0x0000000100000000)
  region size 1024K, 1 young (1024K), 0 survivors (0K)
 Metaspace       used 55649K, committed 56512K, reserved 1114112K
  class space    used 6839K, committed 7168K, reserved 1048576K
}
Event: 355.550 GC heap after
{Heap after GC invocations=33 (full 16):
 garbage-first heap   total 75776K, used 35242K [0x00000000c0000000, 0x0000000100000000)
  region size 1024K, 0 young (0K), 0 survivors (0K)
 Metaspace       used 55649K, committed 56512K, reserved 1114112K
  class space    used 6839K, committed 7168K, reserved 1048576K
}
Event: 366.506 GC heap before
{Heap before GC invocations=33 (full 16):
 garbage-first heap   total 75776K, used 35242K [0x00000000c0000000, 0x0000000100000000)
  region size 1024K, 1 young (1024K), 0 survivors (0K)
 Metaspace       used 55649K, committed 56512K, reserved 1114112K
  class space    used 6839K, committed 7168K, reserved 1048576K
}
Event: 366.786 GC heap after
{Heap after GC invocations=34 (full 17):
 garbage-first heap   total 75776K, used 35242K [0x00000000c0000000, 0x0000000100000000)
  region size 1024K, 0 young (0K), 0 survivors (0K)
 Metaspace       used 55649K, committed 56512K, reserved 1114112K
  class space    used 6839K, committed 7168K, reserved 1048576K
}
Event: 377.832 GC heap before
{Heap before GC invocations=34 (full 17):
 garbage-first heap   total 75776K, used 35242K [0x00000000c0000000, 0x0000000100000000)
  region size 1024K, 1 young (1024K), 0 survivors (0K)
 Metaspace       used 55649K, committed 56512K, reserved 1114112K
  class space    used 6839K, committed 7168K, reserved 1048576K
}
Event: 378.123 GC heap after
{Heap after GC invocations=35 (full 18):
 garbage-first heap   total 75776K, used 35242K [0x00000000c0000000, 0x0000000100000000)
  region size 1024K, 0 young (0K), 0 survivors (0K)
 Metaspace       used 55649K, committed 56512K, reserved 1114112K
  class space    used 6839K, committed 7168K, reserved 1048576K
}
Event: 388.470 GC heap before
{Heap before GC invocations=35 (full 18):
 garbage-first heap   total 75776K, used 35242K [0x00000000c0000000, 0x0000000100000000)
  region size 1024K, 1 young (1024K), 0 survivors (0K)
 Metaspace       used 55649K, committed 56512K, reserved 1114112K
  class space    used 6839K, committed 7168K, reserved 1048576K
}
Event: 388.584 GC heap after
{Heap after GC invocations=36 (full 19):
 garbage-first heap   total 75776K, used 35242K [0x00000000c0000000, 0x0000000100000000)
  region size 1024K, 0 young (0K), 0 survivors (0K)
 Metaspace       used 55649K, committed 56512K, reserved 1114112K
  class space    used 6839K, committed 7168K, reserved 1048576K
}
Event: 399.013 GC heap before
{Heap before GC invocations=36 (full 19):
 garbage-first heap   total 75776K, used 35242K [0x00000000c0000000, 0x0000000100000000)
  region size 1024K, 1 young (1024K), 0 survivors (0K)
 Metaspace       used 55649K, committed 56512K, reserved 1114112K
  class space    used 6839K, committed 7168K, reserved 1048576K
}
Event: 399.187 GC heap after
{Heap after GC invocations=37 (full 20):
 garbage-first heap   total 75776K, used 35242K [0x00000000c0000000, 0x0000000100000000)
  region size 1024K, 0 young (0K), 0 survivors (0K)
 Metaspace       used 55649K, committed 56512K, reserved 1114112K
  class space    used 6839K, committed 7168K, reserved 1048576K
}
Event: 409.490 GC heap before
{Heap before GC invocations=37 (full 20):
 garbage-first heap   total 75776K, used 35242K [0x00000000c0000000, 0x0000000100000000)
  region size 1024K, 1 young (1024K), 0 survivors (0K)
 Metaspace       used 55649K, committed 56512K, reserved 1114112K
  class space    used 6839K, committed 7168K, reserved 1048576K
}
Event: 409.520 GC heap after
{Heap after GC invocations=38 (full 21):
 garbage-first heap   total 75776K, used 35242K [0x00000000c0000000, 0x0000000100000000)
  region size 1024K, 0 young (0K), 0 survivors (0K)
 Metaspace       used 55649K, committed 56512K, reserved 1114112K
  class space    used 6839K, committed 7168K, reserved 1048576K
}
Event: 419.971 GC heap before
{Heap before GC invocations=38 (full 21):
 garbage-first heap   total 75776K, used 35242K [0x00000000c0000000, 0x0000000100000000)
  region size 1024K, 1 young (1024K), 0 survivors (0K)
 Metaspace       used 55649K, committed 56512K, reserved 1114112K
  class space    used 6839K, committed 7168K, reserved 1048576K
}
Event: 420.226 GC heap after
{Heap after GC invocations=39 (full 22):
 garbage-first heap   total 75776K, used 35242K [0x00000000c0000000, 0x0000000100000000)
  region size 1024K, 0 young (0K), 0 survivors (0K)
 Metaspace       used 55649K, committed 56512K, reserved 1114112K
  class space    used 6839K, committed 7168K, reserved 1048576K
}
Event: 430.690 GC heap before
{Heap before GC invocations=39 (full 22):
 garbage-first heap   total 75776K, used 35242K [0x00000000c0000000, 0x0000000100000000)
  region size 1024K, 1 young (1024K), 0 survivors (0K)
 Metaspace       used 55649K, committed 56512K, reserved 1114112K
  class space    used 6839K, committed 7168K, reserved 1048576K
}

