# JRE version: OpenJDK Runtime Environment Temurin-21.0.6+7 (21.0.6+7) (build 21.0.6+7-LTS)
# Java VM: OpenJDK 64-Bit Server VM Temurin-21.0.6+7 (21.0.6+7-LTS, mixed mode, emulated-client, sharing, tiered, compressed oops, compressed class ptrs, g1 gc, windows-amd64)
GC Precious Log:
 CardTable entry size: 512
 Card Set container configuration: InlinePtr #cards 5 size 8 Array Of Cards #cards 12 size 40 Howl #buckets 4 coarsen threshold 1843 Howl Bitmap #cards 512 size 80 coarsen threshold 460 Card regions per heap region 1 cards per card region 2048
 CPUs: 4 total, 4 available
 Memory: 3830M
 Large Page Support: Disabled
 NUMA Support: Disabled
 Compressed Oops: Enabled (32-bit)
 Heap Region Size: 1M
 Heap Min Capacity: 8M
 Heap Initial Capacity: 60M
 Heap Max Capacity: 1G
 Pre-touch: Disabled
 Parallel Workers: 4
 Concurrent Workers: 1
 Concurrent Refinement Workers: 4
 Periodic GC: Disabled
Heap:
 garbage-first heap   total 73728K, used 36099K [0x00000000c0000000, 0x0000000100000000)
  region size 1024K, 1 young (1024K), 0 survivors (0K)
 Metaspace       used 55061K, committed 55872K, reserved 1114112K
  class space    used 6726K, committed 7040K, reserved 1048576K
GC Heap History (20 events):
Event: 946.661 GC heap after
{Heap after GC invocations=86 (full 68):
 garbage-first heap   total 73728K, used 36099K [0x00000000c0000000, 0x0000000100000000)
  region size 1024K, 0 young (0K), 0 survivors (0K)
 Metaspace       used 55061K, committed 55872K, reserved 1114112K
  class space    used 6726K, committed 7040K, reserved 1048576K
}
Event: 960.234 GC heap before
{Heap before GC invocations=86 (full 68):
 garbage-first heap   total 73728K, used 36099K [0x00000000c0000000, 0x0000000100000000)
  region size 1024K, 1 young (1024K), 0 survivors (0K)
 Metaspace       used 55061K, committed 55872K, reserved 1114112K
  class space    used 6726K, committed 7040K, reserved 1048576K
}
Event: 961.853 GC heap after
{Heap after GC invocations=87 (full 69):
 garbage-first heap   total 73728K, used 36099K [0x00000000c0000000, 0x0000000100000000)
  region size 1024K, 0 young (0K), 0 survivors (0K)
 Metaspace       used 55061K, committed 55872K, reserved 1114112K
  class space    used 6726K, committed 7040K, reserved 1048576K
}
Event: 978.418 GC heap before
{Heap before GC invocations=87 (full 69):
 garbage-first heap   total 73728K, used 36099K [0x00000000c0000000, 0x0000000100000000)
  region size 1024K, 1 young (1024K), 0 survivors (0K)
 Metaspace       used 55061K, committed 55872K, reserved 1114112K
  class space    used 6726K, committed 7040K, reserved 1048576K
}
Event: 980.113 GC heap after
{Heap after GC invocations=88 (full 70):
 garbage-first heap   total 73728K, used 36099K [0x00000000c0000000, 0x0000000100000000)
  region size 1024K, 0 young (0K), 0 survivors (0K)
 Metaspace       used 55061K, committed 55872K, reserved 1114112K
  class space    used 6726K, committed 7040K, reserved 1048576K
}
Event: 996.799 GC heap before
{Heap before GC invocations=88 (full 70):
 garbage-first heap   total 73728K, used 36099K [0x00000000c0000000, 0x0000000100000000)
  region size 1024K, 1 young (1024K), 0 survivors (0K)
 Metaspace       used 55061K, committed 55872K, reserved 1114112K
  class space    used 6726K, committed 7040K, reserved 1048576K
}
Event: 997.977 GC heap after
{Heap after GC invocations=89 (full 71):
 garbage-first heap   total 73728K, used 36099K [0x00000000c0000000, 0x0000000100000000)
  region size 1024K, 0 young (0K), 0 survivors (0K)
 Metaspace       used 55061K, committed 55872K, reserved 1114112K
  class space    used 6726K, committed 7040K, reserved 1048576K
}
Event: 1015.981 GC heap before
{Heap before GC invocations=89 (full 71):
 garbage-first heap   total 73728K, used 36099K [0x00000000c0000000, 0x0000000100000000)
  region size 1024K, 1 young (1024K), 0 survivors (0K)
 Metaspace       used 55061K, committed 55872K, reserved 1114112K
  class space    used 6726K, committed 7040K, reserved 1048576K
}
Event: 1016.702 GC heap after
{Heap after GC invocations=90 (full 72):
 garbage-first heap   total 73728K, used 36099K [0x00000000c0000000, 0x0000000100000000)
  region size 1024K, 0 young (0K), 0 survivors (0K)
 Metaspace       used 55061K, committed 55872K, reserved 1114112K
  class space    used 6726K, committed 7040K, reserved 1048576K
}
Event: 1029.571 GC heap before
{Heap before GC invocations=90 (full 72):
 garbage-first heap   total 73728K, used 36099K [0x00000000c0000000, 0x0000000100000000)
  region size 1024K, 1 young (1024K), 0 survivors (0K)
 Metaspace       used 55061K, committed 55872K, reserved 1114112K
  class space    used 6726K, committed 7040K, reserved 1048576K
}
Event: 1030.236 GC heap after
{Heap after GC invocations=91 (full 73):
 garbage-first heap   total 73728K, used 36099K [0x00000000c0000000, 0x0000000100000000)
  region size 1024K, 0 young (0K), 0 survivors (0K)
 Metaspace       used 55061K, committed 55872K, reserved 1114112K
  class space    used 6726K, committed 7040K, reserved 1048576K
}
Event: 1044.236 GC heap before
{Heap before GC invocations=91 (full 73):
 garbage-first heap   total 73728K, used 36099K [0x00000000c0000000, 0x0000000100000000)
  region size 1024K, 1 young (1024K), 0 survivors (0K)
 Metaspace       used 55061K, committed 55872K, reserved 1114112K
  class space    used 6726K, committed 7040K, reserved 1048576K
}
Event: 1045.062 GC heap after
{Heap after GC invocations=92 (full 74):
 garbage-first heap   total 73728K, used 36099K [0x00000000c0000000, 0x0000000100000000)
  region size 1024K, 0 young (0K), 0 survivors (0K)
 Metaspace       used 55061K, committed 55872K, reserved 1114112K
  class space    used 6726K, committed 7040K, reserved 1048576K
}
Event: 1060.267 GC heap before
{Heap before GC invocations=92 (full 74):
 garbage-first heap   total 73728K, used 36099K [0x00000000c0000000, 0x0000000100000000)
  region size 1024K, 1 young (1024K), 0 survivors (0K)
 Metaspace       used 55061K, committed 55872K, reserved 1114112K
  class space    used 6726K, committed 7040K, reserved 1048576K
}
Event: 1061.453 GC heap after
{Heap after GC invocations=93 (full 75):
 garbage-first heap   total 73728K, used 36099K [0x00000000c0000000, 0x0000000100000000)
  region size 1024K, 0 young (0K), 0 survivors (0K)
 Metaspace       used 55061K, committed 55872K, reserved 1114112K
  class space    used 6726K, committed 7040K, reserved 1048576K
}
Event: 1076.568 GC heap before
{Heap before GC invocations=93 (full 75):
 garbage-first heap   total 73728K, used 36099K [0x00000000c0000000, 0x0000000100000000)
  region size 1024K, 1 young (1024K), 0 survivors (0K)
 Metaspace       used 55061K, committed 55872K, reserved 1114112K
  class space    used 6726K, committed 7040K, reserved 1048576K
}
Event: 1077.181 GC heap after
{Heap after GC invocations=94 (full 76):
 garbage-first heap   total 73728K, used 36099K [0x00000000c0000000, 0x0000000100000000)
  region size 1024K, 0 young (0K), 0 survivors (0K)
 Metaspace       used 55061K, committed 55872K, reserved 1114112K
  class space    used 6726K, committed 7040K, reserved 1048576K
}
Event: 1090.387 GC heap before
{Heap before GC invocations=94 (full 76):
 garbage-first heap   total 73728K, used 36099K [0x00000000c0000000, 0x0000000100000000)
  region size 1024K, 1 young (1024K), 0 survivors (0K)
 Metaspace       used 55061K, committed 55872K, reserved 1114112K
  class space    used 6726K, committed 7040K, reserved 1048576K
}
Event: 1091.763 GC heap after
{Heap after GC invocations=95 (full 77):
 garbage-first heap   total 73728K, used 36099K [0x00000000c0000000, 0x0000000100000000)
  region size 1024K, 0 young (0K), 0 survivors (0K)
 Metaspace       used 55061K, committed 55872K, reserved 1114112K
  class space    used 6726K, committed 7040K, reserved 1048576K
}
Event: 1111.535 GC heap before
{Heap before GC invocations=95 (full 77):
 garbage-first heap   total 73728K, used 36099K [0x00000000c0000000, 0x0000000100000000)
  region size 1024K, 1 young (1024K), 0 survivors (0K)
 Metaspace       used 55061K, committed 55872K, reserved 1114112K
  class space    used 6726K, committed 7040K, reserved 1048576K
}

